
Control library           :   4238622
Sample library            :    557798
Bootstrap control library :    557798

Bootstrap:
iteration=0 max_logratio=0.6924423 time=2
iteration=1 max_logratio=0.5395189 time=2
iteration=2 max_logratio=0.6803777 time=2
iteration=3 max_logratio=0.6803777 time=2
iteration=4 max_logratio=0.7481975 time=2
iteration=5 max_logratio=0.5824471 time=2
iteration=6 max_logratio=0.5163510 time=2
iteration=7 max_logratio=1.0277765 time=2
iteration=8 max_logratio=0.5824471 time=2
iteration=9 max_logratio=0.6215111 time=2
iteration=10 max_logratio=0.5163510 time=2
iteration=11 max_logratio=0.7041807 time=2
iteration=12 max_logratio=0.9689985 time=2
iteration=13 max_logratio=0.5824471 time=2
iteration=14 max_logratio=0.5999714 time=2
iteration=15 max_logratio=0.6551942 time=2
iteration=16 max_logratio=0.7636179 time=2
iteration=17 max_logratio=0.6924423 time=2
iteration=18 max_logratio=0.5615132 time=2
iteration=19 max_logratio=0.5668420 time=2
iteration=20 max_logratio=0.6924423 time=2
iteration=21 max_logratio=0.7585383 time=2
iteration=22 max_logratio=0.6072707 time=2
iteration=23 max_logratio=0.7481975 time=2
iteration=24 max_logratio=0.5451227 time=2
iteration=25 max_logratio=0.6864519 time=2
iteration=26 max_logratio=0.7481975 time=2
iteration=27 max_logratio=0.7267465 time=2
iteration=28 max_logratio=0.8113906 time=2
iteration=29 max_logratio=0.5803985 time=2
iteration=30 max_logratio=0.5925474 time=2
iteration=31 max_logratio=0.6072707 time=2
iteration=32 max_logratio=0.6072707 time=2
iteration=33 max_logratio=0.5824471 time=2
iteration=34 max_logratio=0.5349831 time=2
iteration=35 max_logratio=1.0109630 time=2
iteration=36 max_logratio=0.6215111 time=2
iteration=37 max_logratio=0.5824471 time=2
iteration=38 max_logratio=0.5163510 time=2
iteration=39 max_logratio=0.5925474 time=2
iteration=40 max_logratio=0.7897487 time=2
iteration=41 max_logratio=0.7099330 time=2
iteration=42 max_logratio=0.5139648 time=2
iteration=43 max_logratio=0.6108748 time=2
iteration=44 max_logratio=0.5999714 time=2
iteration=45 max_logratio=0.5506552 time=2
iteration=46 max_logratio=0.6352994 time=2
iteration=47 max_logratio=0.6072707 time=2
iteration=48 max_logratio=0.6803777 time=2
iteration=49 max_logratio=0.6215111 time=2
iteration=50 max_logratio=0.5451227 time=2
iteration=51 max_logratio=0.5083453 time=2
iteration=52 max_logratio=0.5324108 time=2
iteration=53 max_logratio=0.4871308 time=2
iteration=54 max_logratio=0.7322094 time=2
iteration=55 max_logratio=0.4725721 time=2
iteration=56 max_logratio=1.0222440 time=2
iteration=57 max_logratio=0.8377196 time=2
iteration=58 max_logratio=0.5103606 time=2
iteration=59 max_logratio=0.7376044 time=2
iteration=60 max_logratio=0.4887187 time=2
iteration=61 max_logratio=0.5280894 time=2
iteration=62 max_logratio=0.6215111 time=2
iteration=63 max_logratio=0.5824471 time=2
iteration=64 max_logratio=0.7481975 time=2
iteration=65 max_logratio=0.6742174 time=2
iteration=66 max_logratio=0.6679685 time=2
iteration=67 max_logratio=0.6352994 time=2
iteration=68 max_logratio=0.7099330 time=2
iteration=69 max_logratio=0.5824471 time=2
iteration=70 max_logratio=0.6453607 time=2
iteration=71 max_logratio=0.4625879 time=2
iteration=72 max_logratio=0.6215111 time=2
iteration=73 max_logratio=0.6144492 time=2
iteration=74 max_logratio=0.6864519 time=2
iteration=75 max_logratio=0.6486633 time=2
iteration=76 max_logratio=0.6024181 time=2
iteration=77 max_logratio=0.6215111 time=2
iteration=78 max_logratio=0.5668420 time=2
iteration=79 max_logratio=0.7156101 time=2
iteration=80 max_logratio=0.5925474 time=2
iteration=81 max_logratio=0.6024181 time=2
iteration=82 max_logratio=0.5246011 time=2
iteration=83 max_logratio=0.7376044 time=2
iteration=84 max_logratio=0.8461527 time=2
iteration=85 max_logratio=0.6307517 time=2
iteration=86 max_logratio=0.5533953 time=2
iteration=87 max_logratio=0.4864485 time=2
iteration=88 max_logratio=0.6397999 time=2
iteration=89 max_logratio=0.4774794 time=2
iteration=90 max_logratio=0.8860243 time=2
iteration=91 max_logratio=0.6352994 time=2
iteration=92 max_logratio=0.5103606 time=2
iteration=93 max_logratio=0.5324108 time=2
iteration=94 max_logratio=0.6072707 time=2
iteration=95 max_logratio=0.5668420 time=2
iteration=96 max_logratio=0.7429333 time=2
iteration=97 max_logratio=0.5849943 time=2
iteration=98 max_logratio=0.6168160 time=2
iteration=99 max_logratio=0.6803777 time=2

q95_logratio=0.8481463
q99_logratio=1.0222993
max_logratio=1.0277765

treshold=0.8481463
enriched_sequence=AACACTA ratio=95.5394319 logratio=1.9801827
enriched_sequence=TAAACAT ratio=94.8647184 logratio=1.9771047
enriched_sequence=ATAACAT ratio=88.1175834 logratio=1.9450626
enriched_sequence=GACAACA ratio=76.6474538 logratio=1.8844977
enriched_sequence=CTCACAA ratio=74.8931987 logratio=1.8744424
enriched_sequence=AACATGC ratio=74.3534279 logratio=1.8713010
enriched_sequence=GTAAACA ratio=72.3292874 logratio=1.8593142
enriched_sequence=AAACACA ratio=69.7653761 logratio=1.8436399
enriched_sequence=CTATACA ratio=68.6858345 logratio=1.8368672
enriched_sequence=GACACAA ratio=68.4159491 logratio=1.8351574
enriched_sequence=CAGTACA ratio=63.5580119 logratio=1.8031703
enriched_sequence=CGCTACA ratio=62.3435276 logratio=1.7947914
enriched_sequence=AGACACA ratio=61.1290433 logratio=1.7862476
enriched_sequence=CCACACT ratio=60.9941006 logratio=1.7852878
enriched_sequence=CCACACC ratio=54.6517937 logratio=1.7376044
enriched_sequence=AACATTG ratio=52.4927105 logratio=1.7200990
enriched_sequence=AACACAC ratio=51.6155829 logratio=1.7127808
enriched_sequence=CACACCC ratio=51.4131689 logratio=1.7110744
enriched_sequence=ACACACG ratio=50.1986846 logratio=1.7006923
enriched_sequence=TACACGC ratio=50.0637419 logratio=1.6995233
enriched_sequence=TAACAAT ratio=49.9287992 logratio=1.6983511
enriched_sequence=TACACAA ratio=49.5239711 logratio=1.6948155
enriched_sequence=ACGAACA ratio=49.5239711 logratio=1.6948155
enriched_sequence=TACACAG ratio=48.7143149 logratio=1.6876566
enriched_sequence=CCTCACA ratio=47.9046587 logratio=1.6803777
enriched_sequence=AGACACT ratio=47.3648879 logratio=1.6754565
enriched_sequence=TGAACAC ratio=47.2299452 logratio=1.6742174
enriched_sequence=AACATTA ratio=47.0275311 logratio=1.6723522
enriched_sequence=CACACAC ratio=44.5985625 logratio=1.6493209
enriched_sequence=GACCACA ratio=44.5310911 logratio=1.6486633
enriched_sequence=CACACGA ratio=44.2612057 logratio=1.6460232
enriched_sequence=CACATAT ratio=44.2612057 logratio=1.6460232
enriched_sequence=CAACACA ratio=43.6314731 logratio=1.6397999
enriched_sequence=TACAATA ratio=43.5190209 logratio=1.6386791
enriched_sequence=AACATAA ratio=43.3615877 logratio=1.6371052
enriched_sequence=GCACACG ratio=43.3166068 logratio=1.6366544
enriched_sequence=GACACTT ratio=42.9117787 logratio=1.6325765
enriched_sequence=CAACAAT ratio=42.3270270 logratio=1.6266178
enriched_sequence=GATACAC ratio=41.4274090 logratio=1.6172878
enriched_sequence=AACATCG ratio=41.0225809 logratio=1.6130230
enriched_sequence=GGACACA ratio=40.0779820 logratio=1.6029058
enriched_sequence=GTACATC ratio=40.0779820 logratio=1.6029058
enriched_sequence=CGCGACA ratio=39.6731539 logratio=1.5984967
enriched_sequence=CACATTA ratio=39.0659118 logratio=1.5917980
enriched_sequence=TACGACA ratio=38.4586696 logratio=1.5849943
enriched_sequence=ATGACAT ratio=37.9188988 logratio=1.5788557
enriched_sequence=GTACAGT ratio=37.3791280 logratio=1.5726292
enriched_sequence=CAACAAG ratio=37.3791280 logratio=1.5726292
enriched_sequence=AACACAT ratio=36.9742999 logratio=1.5679000
enriched_sequence=GTACAAA ratio=36.5694718 logratio=1.5631187
enriched_sequence=AACACAA ratio=36.0297010 logratio=1.5566607
enriched_sequence=TAACACG ratio=35.7598156 logratio=1.5533953
enriched_sequence=TACACAC ratio=35.6248729 logratio=1.5517533
enriched_sequence=GGATACA ratio=34.9501594 logratio=1.5434492
enriched_sequence=CACACAT ratio=33.7806560 logratio=1.5286681
enriched_sequence=TGACATT ratio=33.7356751 logratio=1.5280894
enriched_sequence=GCACACA ratio=33.6906942 logratio=1.5275100
enriched_sequence=TGCACAT ratio=33.0609616 logratio=1.5193155
enriched_sequence=TAACATC ratio=32.9934903 logratio=1.5184283
enriched_sequence=CACACTC ratio=32.9260189 logratio=1.5175392
enriched_sequence=AACACTC ratio=32.6561335 logratio=1.5139648
enriched_sequence=CAAAACA ratio=32.4942023 logratio=1.5118059
enriched_sequence=TACACTA ratio=32.2513054 logratio=1.5085473
enriched_sequence=TACATCA ratio=31.9139487 logratio=1.5039805
enriched_sequence=AACATAG ratio=31.8464773 logratio=1.5030614
enriched_sequence=AACAATA ratio=31.7790060 logratio=1.5021403
enriched_sequence=AGTGACA ratio=31.7115346 logratio=1.5012173
enriched_sequence=AACATAC ratio=31.3067065 logratio=1.4956374
enriched_sequence=CTAACAA ratio=31.2617256 logratio=1.4950129
enriched_sequence=AGAACAT ratio=31.1717638 logratio=1.4937614
enriched_sequence=AAACATA ratio=31.0030854 logratio=1.4914049
enriched_sequence=CGGTACA ratio=30.7669357 logratio=1.4880842
enriched_sequence=TAACACA ratio=30.6769739 logratio=1.4868125
enriched_sequence=ACACAAT ratio=30.6657287 logratio=1.4866533
enriched_sequence=ATTACAT ratio=30.5645216 logratio=1.4852176
enriched_sequence=CTGACAC ratio=29.9572795 logratio=1.4765024
enriched_sequence=TAACATA ratio=29.9122986 logratio=1.4758498
enriched_sequence=GGTACAC ratio=29.8223368 logratio=1.4745417
enriched_sequence=TTACACA ratio=29.7548654 logratio=1.4735580
enriched_sequence=GAGTACA ratio=29.6873941 logratio=1.4725721
enriched_sequence=GCCTACA ratio=29.4849800 logratio=1.4696008
enriched_sequence=CGAAACA ratio=29.4175087 logratio=1.4686059
enriched_sequence=CACATAG ratio=29.4175087 logratio=1.4686059
enriched_sequence=GGACACT ratio=29.4175087 logratio=1.4686059
enriched_sequence=AAACACG ratio=29.2825660 logratio=1.4666091
enriched_sequence=CCTGACA ratio=29.0126806 logratio=1.4625879
enriched_sequence=AGTACAT ratio=28.8102665 logratio=1.4595473
enriched_sequence=ATAACAA ratio=28.7090595 logratio=1.4580190
enriched_sequence=ACACACA ratio=28.6753238 logratio=1.4575083
enriched_sequence=TACACGA ratio=28.4729098 logratio=1.4544319
enriched_sequence=CACAAAA ratio=28.3829480 logratio=1.4530575
enriched_sequence=ATAGACA ratio=28.2704957 logratio=1.4513334
enriched_sequence=ACTAACA ratio=27.9781199 logratio=1.4468185
enriched_sequence=CACAACC ratio=27.9331390 logratio=1.4461197
enriched_sequence=CACATCC ratio=27.7981963 logratio=1.4440166
enriched_sequence=CAACATA ratio=27.7981963 logratio=1.4440166
enriched_sequence=GCTTACA ratio=27.7307249 logratio=1.4429612
enriched_sequence=GACATTG ratio=27.3933682 logratio=1.4376454
enriched_sequence=TATAACA ratio=27.3933682 logratio=1.4376454
enriched_sequence=AACACTT ratio=27.2134446 logratio=1.4347835
enriched_sequence=GTACAAC ratio=27.1909541 logratio=1.4344244
enriched_sequence=GAATACA ratio=27.1909541 logratio=1.4344244
enriched_sequence=CAACACG ratio=27.1234828 logratio=1.4333455
enriched_sequence=CAAACAA ratio=26.8535974 logratio=1.4290025
enriched_sequence=TGCTACA ratio=26.8535974 logratio=1.4290025
enriched_sequence=TTAAACA ratio=26.4487693 logratio=1.4224055
enriched_sequence=ATACAGT ratio=26.3812979 logratio=1.4212962
enriched_sequence=TTACACT ratio=26.3812979 logratio=1.4212962
enriched_sequence=CACACCA ratio=26.1788839 logratio=1.4179511
enriched_sequence=TAACAAA ratio=25.8280329 logratio=1.4120913
enriched_sequence=AAGACAC ratio=25.3692277 logratio=1.4043072
enriched_sequence=CGTGACA ratio=25.3692277 logratio=1.4043072
enriched_sequence=GGACACC ratio=25.3692277 logratio=1.4043072
enriched_sequence=TAATACA ratio=25.3242468 logratio=1.4035365
enriched_sequence=ACTACAT ratio=25.3242468 logratio=1.4035365
enriched_sequence=AACAACA ratio=25.3242468 logratio=1.4035365
enriched_sequence=AACATAT ratio=25.2342850 logratio=1.4019910
enriched_sequence=AACAAGT ratio=25.1443232 logratio=1.4004400
enriched_sequence=CACAACA ratio=25.1263308 logratio=1.4001291
enriched_sequence=AAACAGA ratio=24.8744378 logratio=1.3957533
enriched_sequence=CATACAC ratio=24.8294569 logratio=1.3949672
enriched_sequence=CTACACA ratio=24.7844760 logratio=1.3941797
enriched_sequence=ACCAACA ratio=24.6945142 logratio=1.3926005
enriched_sequence=TACAAGC ratio=24.6495333 logratio=1.3918087
enriched_sequence=AACAAAA ratio=24.6270428 logratio=1.3914123
enriched_sequence=CAACATT ratio=24.5933072 logratio=1.3908169
enriched_sequence=ATACATT ratio=24.5145906 logratio=1.3894246
enriched_sequence=ACACAAA ratio=24.4696097 logratio=1.3886270
enriched_sequence=AACAACC ratio=24.3908931 logratio=1.3872277
enriched_sequence=TACAACA ratio=24.3571574 logratio=1.3866266
enriched_sequence=CTAGACA ratio=24.2896861 logratio=1.3854219
enriched_sequence=TACACCG ratio=24.1547434 logratio=1.3830024
enriched_sequence=ACACAAG ratio=24.1547434 logratio=1.3830024
enriched_sequence=GAACACA ratio=24.1547434 logratio=1.3830024
enriched_sequence=AAACAAC ratio=23.9748198 logratio=1.3797554
enriched_sequence=GCAAACA ratio=23.9118465 logratio=1.3786131
enriched_sequence=CACACAA ratio=23.9118465 logratio=1.3786131
enriched_sequence=ATACAAA ratio=23.8578694 logratio=1.3776317
enriched_sequence=CAACAAA ratio=23.5764175 logratio=1.3724778
enriched_sequence=TCACACA ratio=23.5699917 logratio=1.3723594
enriched_sequence=AACAAGC ratio=23.5070184 logratio=1.3711975
enriched_sequence=CCCGACA ratio=23.4800299 logratio=1.3706986
enriched_sequence=GGGACAT ratio=23.4800299 logratio=1.3706986
enriched_sequence=GTACACG ratio=23.4800299 logratio=1.3706986
enriched_sequence=AACATCA ratio=23.1764088 logratio=1.3650461
enriched_sequence=CGACACA ratio=23.0752018 logratio=1.3631455
enriched_sequence=GACATGG ratio=23.0752018 logratio=1.3631455
enriched_sequence=AAATACA ratio=23.0482132 logratio=1.3626373
enriched_sequence=AACATCC ratio=22.9852400 logratio=1.3614490
enriched_sequence=CTACATA ratio=22.9852400 logratio=1.3614490
enriched_sequence=AACAATC ratio=22.9065234 logratio=1.3599592
enriched_sequence=CACAATA ratio=22.8592935 logratio=1.3590628
enriched_sequence=AAGAACA ratio=22.8053164 logratio=1.3580361
enriched_sequence=CGCACAT ratio=22.8053164 logratio=1.3580361
enriched_sequence=GTACATT ratio=22.7378450 logratio=1.3567493
enriched_sequence=GACACCA ratio=22.7378450 logratio=1.3567493
enriched_sequence=TAACATG ratio=22.7378450 logratio=1.3567493
enriched_sequence=TACATTA ratio=22.6703737 logratio=1.3554587
enriched_sequence=AACAATG ratio=22.6703737 logratio=1.3554587
enriched_sequence=AATACAA ratio=22.2655456 logratio=1.3476333
enriched_sequence=AAAACAT ratio=22.2430551 logratio=1.3471944
enriched_sequence=CTACATT ratio=22.0406411 logratio=1.3432242
enriched_sequence=GACAACC ratio=21.9956602 logratio=1.3423370
enriched_sequence=CACATAA ratio=21.9416831 logratio=1.3412699
enriched_sequence=CCTAACA ratio=21.8607175 logratio=1.3396644
enriched_sequence=ATCACAC ratio=21.7707557 logratio=1.3378735
enriched_sequence=CTACACC ratio=21.7257748 logratio=1.3369753
enriched_sequence=CACAAGA ratio=21.7257748 logratio=1.3369753
enriched_sequence=AACACCG ratio=21.5908321 logratio=1.3342694
enriched_sequence=TGACACG ratio=21.5908321 logratio=1.3342694
enriched_sequence=TCATACA ratio=21.5908321 logratio=1.3342694
enriched_sequence=GACATTT ratio=21.5908321 logratio=1.3342694
enriched_sequence=ATCAACA ratio=21.4896250 logratio=1.3322288
enriched_sequence=CACATGC ratio=21.4558894 logratio=1.3315465
enriched_sequence=GACAAAT ratio=21.4109085 logratio=1.3306351
enriched_sequence=GGAACAT ratio=21.3884180 logratio=1.3301787
enriched_sequence=CACACCT ratio=21.3659276 logratio=1.3297218
enriched_sequence=CCACATT ratio=21.0510613 logratio=1.3232740
enriched_sequence=CTGAACA ratio=20.9835899 logratio=1.3218798
enriched_sequence=AATACAT ratio=20.9498542 logratio=1.3211810
enriched_sequence=AGCAACA ratio=20.9161186 logratio=1.3204811
enriched_sequence=GGGACAC ratio=20.9161186 logratio=1.3204811
enriched_sequence=ATACATG ratio=20.9161186 logratio=1.3204811
enriched_sequence=ACAAACA ratio=20.7811759 logratio=1.3176701
enriched_sequence=AAGTACA ratio=20.7811759 logratio=1.3176701
enriched_sequence=AGACAAG ratio=20.7137045 logratio=1.3162578
enriched_sequence=GAACACC ratio=20.7137045 logratio=1.3162578
enriched_sequence=AAAACAC ratio=20.5787618 logratio=1.3134192
enriched_sequence=GAAAACA ratio=20.5112905 logratio=1.3119930
enriched_sequence=GATACAT ratio=20.4438191 logratio=1.3105620
enriched_sequence=ACCTACA ratio=20.4213287 logratio=1.3100840
enriched_sequence=TTGAACA ratio=20.3088764 logratio=1.3076859
enriched_sequence=CACACGC ratio=20.2863860 logratio=1.3072047
enriched_sequence=CCACAAT ratio=20.2414051 logratio=1.3062407
enriched_sequence=GATTACA ratio=20.1739337 logratio=1.3047906
enriched_sequence=GTACAAT ratio=20.0614815 logratio=1.3023630
enriched_sequence=CATAACA ratio=20.0254967 logratio=1.3015833
enriched_sequence=CACAAAT ratio=20.0165006 logratio=1.3013882
enriched_sequence=CGCACAC ratio=19.9265388 logratio=1.2994319
enriched_sequence=ACATACA ratio=19.9175426 logratio=1.2992358
enriched_sequence=GTACACA ratio=19.8815579 logratio=1.2984504
enriched_sequence=TATCACA ratio=19.8815579 logratio=1.2984504
enriched_sequence=GACAAGT ratio=19.8365770 logratio=1.2974667
enriched_sequence=TCCAACA ratio=19.7466152 logratio=1.2954927
enriched_sequence=GAACAAC ratio=19.7353699 logratio=1.2952453
enriched_sequence=ATACACC ratio=19.6566534 logratio=1.2935096
enriched_sequence=AAAACAA ratio=19.5666916 logratio=1.2915174
enriched_sequence=TCTACAA ratio=19.4767298 logratio=1.2895160
enriched_sequence=GAACAAA ratio=19.4587374 logratio=1.2891147
enriched_sequence=TTTACAT ratio=19.4317489 logratio=1.2885119
enriched_sequence=AACATGG ratio=19.4317489 logratio=1.2885119
enriched_sequence=AAACAGT ratio=19.4317489 logratio=1.2885119
enriched_sequence=GACACGC ratio=19.4317489 logratio=1.2885119
enriched_sequence=TTGTACA ratio=19.4317489 logratio=1.2885119
enriched_sequence=CCACACA ratio=19.3980132 logratio=1.2877573
enriched_sequence=ATTTACA ratio=19.3867680 logratio=1.2875054
enriched_sequence=TATTACA ratio=19.3867680 logratio=1.2875054
enriched_sequence=ACACAAC ratio=19.3642775 logratio=1.2870013
enriched_sequence=ATACAAC ratio=19.3237947 logratio=1.2860924
enriched_sequence=AAACATC ratio=19.3237947 logratio=1.2860924
enriched_sequence=TGACAAA ratio=19.2968062 logratio=1.2854854
enriched_sequence=ACACACC ratio=19.2293348 logratio=1.2839643
enriched_sequence=ACAACAA ratio=19.1281278 logratio=1.2816725
enriched_sequence=TGAACAA ratio=19.1168826 logratio=1.2814171
enriched_sequence=ATTAACA ratio=19.0606564 logratio=1.2801379
enriched_sequence=CTACAAA ratio=18.9459551 logratio=1.2775165
enriched_sequence=AAACAAA ratio=18.9189666 logratio=1.2768974
enriched_sequence=CGTACAT ratio=18.8245067 logratio=1.2747236
enriched_sequence=GACAATT ratio=18.7570354 logratio=1.2731642
enriched_sequence=TAACAAG ratio=18.7570354 logratio=1.2731642
enriched_sequence=AACACGG ratio=18.7570354 logratio=1.2731642
enriched_sequence=CTACACT ratio=18.7120545 logratio=1.2721215
enriched_sequence=AACATGA ratio=18.7120545 logratio=1.2721215
enriched_sequence=ATTACAA ratio=18.5546213 logratio=1.2684521
enriched_sequence=AACAAAC ratio=18.4365464 logratio=1.2656796
enriched_sequence=TACACAT ratio=18.4196786 logratio=1.2652820
enriched_sequence=AACATTC ratio=18.3184716 logratio=1.2628892
enriched_sequence=AAGACAT ratio=18.3072264 logratio=1.2626226
enriched_sequence=CGTTACA ratio=18.2847359 logratio=1.2620887
enriched_sequence=CCACAAA ratio=18.2397550 logratio=1.2610190
enriched_sequence=GACACAG ratio=18.2172646 logratio=1.2604832
enriched_sequence=AAACAAT ratio=18.2003967 logratio=1.2600809
enriched_sequence=TGGAACA ratio=18.1497932 logratio=1.2588717
enriched_sequence=CAACAGC ratio=18.0598314 logratio=1.2567137
enriched_sequence=AACATCT ratio=18.0485862 logratio=1.2564432
enriched_sequence=GCCACAA ratio=18.0283448 logratio=1.2559559
enriched_sequence=CAGACAT ratio=17.9923601 logratio=1.2550881
enriched_sequence=GCAACAC ratio=17.9743677 logratio=1.2546536
enriched_sequence=AGACAGC ratio=17.8124365 logratio=1.2507233
enriched_sequence=CCCAACA ratio=17.8124365 logratio=1.2507233
enriched_sequence=TACACTG ratio=17.6774938 logratio=1.2474207
enriched_sequence=AATAACA ratio=17.6774938 logratio=1.2474207
enriched_sequence=CACAAAC ratio=17.6003836 logratio=1.2455221
enriched_sequence=CCATACA ratio=17.5762867 logratio=1.2449271
enriched_sequence=CACAATT ratio=17.5695396 logratio=1.2447604
enriched_sequence=ACAACAT ratio=17.5425511 logratio=1.2440927
enriched_sequence=CACACCG ratio=17.5425511 logratio=1.2440927
enriched_sequence=TCACATG ratio=17.4076084 logratio=1.2407391
enriched_sequence=AACACGA ratio=17.4076084 logratio=1.2407391
enriched_sequence=CCAACAA ratio=17.3851179 logratio=1.2401776
enriched_sequence=ATAAACA ratio=17.3626275 logratio=1.2396154
enriched_sequence=TAAACAA ratio=17.3497758 logratio=1.2392939
enriched_sequence=TCACATA ratio=17.3401370 logratio=1.2390525
enriched_sequence=CACACTA ratio=17.2726657 logratio=1.2373594
enriched_sequence=TACACCC ratio=17.2726657 logratio=1.2373594
enriched_sequence=AAACACC ratio=17.2456771 logratio=1.2366803
enriched_sequence=TACATGC ratio=17.1827039 logratio=1.2350915
enriched_sequence=GCACAAT ratio=17.1377230 logratio=1.2339531
enriched_sequence=CACAAGC ratio=17.0477612 logratio=1.2316674
enriched_sequence=ATACACA ratio=17.0297688 logratio=1.2312088
enriched_sequence=GCAACAT ratio=17.0252707 logratio=1.2310940
enriched_sequence=GACACTC ratio=17.0027803 logratio=1.2305199
enriched_sequence=TTCACAT ratio=16.9577994 logratio=1.2293695
enriched_sequence=GCACAAA ratio=16.9521767 logratio=1.2292255
enriched_sequence=CACACGT ratio=16.9128185 logratio=1.2282160
enriched_sequence=CACATAC ratio=16.8408490 logratio=1.2263640
enriched_sequence=GTTACAA ratio=16.8228567 logratio=1.2258997
enriched_sequence=TATGACA ratio=16.8003662 logratio=1.2253187
enriched_sequence=GCTACAT ratio=16.8003662 logratio=1.2253187
enriched_sequence=CCCACAA ratio=16.8003662 logratio=1.2253187
enriched_sequence=CACAACT ratio=16.8003662 logratio=1.2253187
enriched_sequence=AGACAAA ratio=16.6519292 logratio=1.2214646
enriched_sequence=AGTACAA ratio=16.6316878 logratio=1.2209363
enriched_sequence=AACACGT ratio=16.5979522 logratio=1.2200545
enriched_sequence=GTGACAA ratio=16.5979522 logratio=1.2200545
enriched_sequence=CAACATC ratio=16.5169865 logratio=1.2179308
enriched_sequence=TACATTT ratio=16.4967451 logratio=1.2173983
enriched_sequence=AGTACAG ratio=16.3955381 logratio=1.2147257
enriched_sequence=GACAAAC ratio=16.3280668 logratio=1.2129348
enriched_sequence=TCACATC ratio=16.3280668 logratio=1.2129348
enriched_sequence=AGAACAA ratio=16.3010782 logratio=1.2122163
enriched_sequence=ATACACT ratio=16.2943311 logratio=1.2120365
enriched_sequence=TTTGACA ratio=16.2605954 logratio=1.2111364
enriched_sequence=TACAAAT ratio=16.2605954 logratio=1.2111364
enriched_sequence=AAAACAG ratio=16.2471011 logratio=1.2107759
enriched_sequence=GCATACA ratio=16.2201126 logratio=1.2100539
enriched_sequence=CACATCA ratio=16.2201126 logratio=1.2100539
enriched_sequence=TACACCA ratio=16.1593884 logratio=1.2084249
enriched_sequence=TATACAA ratio=16.1391470 logratio=1.2078806
enriched_sequence=AGCGACA ratio=16.0581814 logratio=1.2056964
enriched_sequence=CGACAAA ratio=16.0244457 logratio=1.2047830
enriched_sequence=GGCACAA ratio=16.0042043 logratio=1.2042341
enriched_sequence=TCGAACA ratio=15.9907100 logratio=1.2038677
enriched_sequence=TACATAA ratio=15.9772157 logratio=1.2035011
enriched_sequence=TCACACC ratio=15.9682196 logratio=1.2032565
enriched_sequence=TTTCACA ratio=15.9682196 logratio=1.2032565
enriched_sequence=CCAGACA ratio=15.9682196 logratio=1.2032565
enriched_sequence=AACAAAT ratio=15.8782578 logratio=1.2008028
enriched_sequence=TCGCACA ratio=15.8782578 logratio=1.2008028
enriched_sequence=AAACAAG ratio=15.8422730 logratio=1.1998175
enriched_sequence=TTGACAC ratio=15.7882960 logratio=1.1983353
enriched_sequence=CATGACA ratio=15.7882960 logratio=1.1983353
enriched_sequence=CAAACAT ratio=15.7039568 logratio=1.1960091
enriched_sequence=CCACAAC ratio=15.6533533 logratio=1.1946074
enriched_sequence=ATGACAA ratio=15.6533533 logratio=1.1946074
enriched_sequence=CACATTC ratio=15.6196176 logratio=1.1936704
enriched_sequence=TACAAAC ratio=15.6083724 logratio=1.1933576
enriched_sequence=TCACACG ratio=15.5858819 logratio=1.1927314
enriched_sequence=CCGTACA ratio=15.5858819 logratio=1.1927314
enriched_sequence=TACCACA ratio=15.5521462 logratio=1.1917903
enriched_sequence=TACAAAA ratio=15.5352784 logratio=1.1913190
enriched_sequence=ATACATC ratio=15.5184105 logratio=1.1908472
enriched_sequence=CGACAAC ratio=15.4734296 logratio=1.1895866
enriched_sequence=CAACAAC ratio=15.4678070 logratio=1.1894287
enriched_sequence=TCGTACA ratio=15.4509392 logratio=1.1889549
enriched_sequence=GGTTACA ratio=15.4509392 logratio=1.1889549
enriched_sequence=CTACACG ratio=15.4509392 logratio=1.1889549
enriched_sequence=AATTACA ratio=15.4374449 logratio=1.1885754
enriched_sequence=GGAAACA ratio=15.4284487 logratio=1.1883223
enriched_sequence=AACACTG ratio=15.4284487 logratio=1.1883223
enriched_sequence=AGACATT ratio=15.3834678 logratio=1.1870542
enriched_sequence=ATACAAT ratio=15.3834678 logratio=1.1870542
enriched_sequence=TCACAAG ratio=15.3384869 logratio=1.1857825
enriched_sequence=AAAAACA ratio=15.3343978 logratio=1.1856667
enriched_sequence=CGAACAT ratio=15.2485251 logratio=1.1832278
enriched_sequence=AACAAGG ratio=15.2485251 logratio=1.1832278
enriched_sequence=AGTTACA ratio=15.2485251 logratio=1.1832278
enriched_sequence=GTAACAT ratio=15.2485251 logratio=1.1832278
enriched_sequence=GCACAAG ratio=15.1473181 logratio=1.1803357
enriched_sequence=CCAACAT ratio=15.1405710 logratio=1.1801423
enriched_sequence=CGAACAC ratio=15.1135824 logratio=1.1793674
enriched_sequence=AACAATT ratio=15.0750274 logratio=1.1782581
enriched_sequence=AACACCC ratio=15.0461111 logratio=1.1774243
enriched_sequence=GACATCA ratio=15.0236206 logratio=1.1767746
enriched_sequence=GCCAACA ratio=15.0011302 logratio=1.1761240
enriched_sequence=TACAATG ratio=14.9786397 logratio=1.1754724
enriched_sequence=CTAAACA ratio=14.9786397 logratio=1.1754724
enriched_sequence=TGTAACA ratio=14.9336588 logratio=1.1741662
enriched_sequence=GAACACG ratio=14.9111684 logratio=1.1735117
enriched_sequence=TCTTACA ratio=14.8886779 logratio=1.1728561
enriched_sequence=ACACATT ratio=14.8661875 logratio=1.1721996
enriched_sequence=GCACAAC ratio=14.8436970 logratio=1.1715421
enriched_sequence=GACACAC ratio=14.8436970 logratio=1.1715421
enriched_sequence=AGGAACA ratio=14.7987161 logratio=1.1702240
enriched_sequence=AACAACG ratio=14.7762257 logratio=1.1695635
enriched_sequence=TTATACA ratio=14.7762257 logratio=1.1695635
enriched_sequence=AGAACAC ratio=14.7762257 logratio=1.1695635
enriched_sequence=TCACAAC ratio=14.7087543 logratio=1.1675759
enriched_sequence=GCTACAC ratio=14.6075473 logratio=1.1645773
enriched_sequence=ACCACAA ratio=14.5738116 logratio=1.1635732
enriched_sequence=AACTACA ratio=14.5738116 logratio=1.1635732
enriched_sequence=AAACATT ratio=14.5545341 logratio=1.1629983
enriched_sequence=GCACACT ratio=14.5468231 logratio=1.1627682
enriched_sequence=GACACTA ratio=14.5288307 logratio=1.1622307
enriched_sequence=ATACATA ratio=14.5063403 logratio=1.1615579
enriched_sequence=CAACACT ratio=14.4388689 logratio=1.1595332
enriched_sequence=CAACACC ratio=14.4163785 logratio=1.1588562
enriched_sequence=AACATTT ratio=14.3938880 logratio=1.1581781
enriched_sequence=TATACAC ratio=14.3713976 logratio=1.1574990
enriched_sequence=GACACTG ratio=14.3713976 logratio=1.1574990
enriched_sequence=GTCAACA ratio=14.3713976 logratio=1.1574990
enriched_sequence=GTACACT ratio=14.3489071 logratio=1.1568188
enriched_sequence=ATGTACA ratio=14.3039262 logratio=1.1554553
enriched_sequence=CTACAAC ratio=14.3039262 logratio=1.1554553
enriched_sequence=GTGCACA ratio=14.2589453 logratio=1.1540874
enriched_sequence=GAACAAG ratio=14.2589453 logratio=1.1540874
enriched_sequence=TGGTACA ratio=14.2364549 logratio=1.1534019
enriched_sequence=AACCACA ratio=14.2268161 logratio=1.1531077
enriched_sequence=AACACCA ratio=14.2268161 logratio=1.1531077
enriched_sequence=GAACACT ratio=14.1689835 logratio=1.1513387
enriched_sequence=AAACATG ratio=14.1689835 logratio=1.1513387
enriched_sequence=GAAACAA ratio=14.1689835 logratio=1.1513387
enriched_sequence=GTCACAC ratio=14.1689835 logratio=1.1513387
enriched_sequence=ACACACT ratio=14.1464931 logratio=1.1506488
enriched_sequence=GATACAA ratio=14.1015122 logratio=1.1492657
enriched_sequence=TACAAAG ratio=14.1015122 logratio=1.1492657
enriched_sequence=CAAACAC ratio=14.1015122 logratio=1.1492657
enriched_sequence=TACATGT ratio=14.0340408 logratio=1.1471827
enriched_sequence=AACACAG ratio=14.0070523 logratio=1.1463468
enriched_sequence=TCGACAT ratio=13.9665695 logratio=1.1450897
enriched_sequence=CACATTT ratio=13.9530752 logratio=1.1446699
enriched_sequence=TCACACT ratio=13.9328338 logratio=1.1440395
enriched_sequence=CCACATC ratio=13.7641554 logratio=1.1387496
enriched_sequence=GCTGACA ratio=13.7641554 logratio=1.1387496
enriched_sequence=CGTACAC ratio=13.7641554 logratio=1.1387496
enriched_sequence=CTAACAC ratio=13.7371669 logratio=1.1378972
enriched_sequence=TCTAACA ratio=13.6966841 logratio=1.1366154
enriched_sequence=AGATACA ratio=13.6966841 logratio=1.1366154
enriched_sequence=AGACATC ratio=13.6741936 logratio=1.1359017
enriched_sequence=GTCACAA ratio=13.6292127 logratio=1.1344708
enriched_sequence=ATCACAT ratio=13.6022242 logratio=1.1336099
enriched_sequence=TAGGACA ratio=13.5617414 logratio=1.1323155
enriched_sequence=AACAAAG ratio=13.5328251 logratio=1.1313885
enriched_sequence=GACATAT ratio=13.5280057 logratio=1.1312338
enriched_sequence=TACATAT ratio=13.4942700 logratio=1.1301494
enriched_sequence=TTCTACA ratio=13.4043082 logratio=1.1272444
enriched_sequence=AACATGT ratio=13.3593273 logratio=1.1257846
enriched_sequence=CTAACAT ratio=13.3593273 logratio=1.1257846
enriched_sequence=TACAAGT ratio=13.2918560 logratio=1.1235856
enriched_sequence=ACTACAA ratio=13.2436622 logratio=1.1220081
enriched_sequence=TGTGACA ratio=13.2243846 logratio=1.1213755
enriched_sequence=CGACAAG ratio=13.2243846 logratio=1.1213755
enriched_sequence=ATAACAC ratio=13.2018942 logratio=1.1206362
enriched_sequence=AGCACAT ratio=13.1472745 logratio=1.1188357
enriched_sequence=CACACAG ratio=13.0894419 logratio=1.1169211
enriched_sequence=CTTAACA ratio=13.0084763 logratio=1.1142264
enriched_sequence=ACACATA ratio=12.9376314 logratio=1.1118548
enriched_sequence=GACATGC ratio=12.9095183 logratio=1.1109100
enriched_sequence=ACTTACA ratio=12.8735336 logratio=1.1096978
enriched_sequence=CATACAA ratio=12.8701601 logratio=1.1095839
enriched_sequence=CCCACAT ratio=12.8532922 logratio=1.1090144
enriched_sequence=GAACAAT ratio=12.8420470 logratio=1.1086343
enriched_sequence=AACAAGA ratio=12.8420470 logratio=1.1086343
enriched_sequence=CGCAACA ratio=12.8388341 logratio=1.1085256
enriched_sequence=CGACATT ratio=12.8195565 logratio=1.1078730
enriched_sequence=AATACAC ratio=12.8195565 logratio=1.1078730
enriched_sequence=CGGCACA ratio=12.7858209 logratio=1.1067286
enriched_sequence=TACACGT ratio=12.7745756 logratio=1.1063465
enriched_sequence=TTTAACA ratio=12.7655795 logratio=1.1060405
enriched_sequence=TGTCACA ratio=12.6396329 logratio=1.1017345
enriched_sequence=GCACATG ratio=12.5834068 logratio=1.0997982
enriched_sequence=CACAAGG ratio=12.5834068 logratio=1.0997982
enriched_sequence=AGCACAA ratio=12.5496711 logratio=1.0986323
enriched_sequence=TGACACA ratio=12.5496711 logratio=1.0986323
enriched_sequence=ACACATG ratio=12.5496711 logratio=1.0986323
enriched_sequence=AACAACT ratio=12.5046902 logratio=1.0970729
enriched_sequence=AAACAGC ratio=12.4956941 logratio=1.0967604
enriched_sequence=CAACATG ratio=12.4147284 logratio=1.0939372
enriched_sequence=GGAACAA ratio=12.4147284 logratio=1.0939372
enriched_sequence=TACATTG ratio=12.4147284 logratio=1.0939372
enriched_sequence=AGACACC ratio=12.3247666 logratio=1.0907787
enriched_sequence=CGTAACA ratio=12.2797857 logratio=1.0891908
enriched_sequence=TAAACAC ratio=12.2412307 logratio=1.0878251
enriched_sequence=GAACATG ratio=12.2348048 logratio=1.0875970
enriched_sequence=CCAAACA ratio=12.2291822 logratio=1.0873974
enriched_sequence=AGACAAT ratio=12.2258087 logratio=1.0872776
enriched_sequence=GACATTA ratio=12.1785787 logratio=1.0855966
enriched_sequence=CCTACAA ratio=12.1448430 logratio=1.0843919
enriched_sequence=ACTACAC ratio=12.1448430 logratio=1.0843919
enriched_sequence=GACAATC ratio=12.1448430 logratio=1.0843919
enriched_sequence=GTACAAG ratio=12.1448430 logratio=1.0843919
enriched_sequence=AACACGC ratio=12.0998621 logratio=1.0827804
enriched_sequence=TGGACAA ratio=12.0998621 logratio=1.0827804
enriched_sequence=CGAACAA ratio=12.0908660 logratio=1.0824574
enriched_sequence=TTAACAA ratio=12.0484554 logratio=1.0809314
enriched_sequence=CTACAAT ratio=12.0323908 logratio=1.0803519
enriched_sequence=AGAAACA ratio=12.0323908 logratio=1.0803519
enriched_sequence=GGAGACA ratio=12.0099003 logratio=1.0795394
enriched_sequence=ACAGACA ratio=11.9874099 logratio=1.0787254
enriched_sequence=TACATTC ratio=11.9761647 logratio=1.0783178
enriched_sequence=GCACATT ratio=11.9649194 logratio=1.0779098
enriched_sequence=ATACACG ratio=11.9649194 logratio=1.0779098
enriched_sequence=CCGACAA ratio=11.9649194 logratio=1.0779098
enriched_sequence=CCGAACA ratio=11.9649194 logratio=1.0779098
enriched_sequence=TCACATT ratio=11.9019462 logratio=1.0756180
enriched_sequence=TGACAAT ratio=11.8749576 logratio=1.0746321
enriched_sequence=TTACATC ratio=11.8074863 logratio=1.0721574
enriched_sequence=TTACAAA ratio=11.7978475 logratio=1.0718028
enriched_sequence=TGCACAC ratio=11.7939920 logratio=1.0716608
enriched_sequence=AGCACAC ratio=11.7906185 logratio=1.0715366
enriched_sequence=ATTGACA ratio=11.7849958 logratio=1.0713294
enriched_sequence=GTACACC ratio=11.7849958 logratio=1.0713294
enriched_sequence=TACACTC ratio=11.7737506 logratio=1.0709148
enriched_sequence=TGGCACA ratio=11.7737506 logratio=1.0709148
enriched_sequence=TACAACT ratio=11.7625054 logratio=1.0704998
enriched_sequence=ACAACAC ratio=11.7130264 logratio=1.0686691
enriched_sequence=TGGACAC ratio=11.6725436 logratio=1.0671655
enriched_sequence=CATTACA ratio=11.6500531 logratio=1.0663279
enriched_sequence=TCCTACA ratio=11.6388079 logratio=1.0659085
enriched_sequence=CACAAGT ratio=11.6275627 logratio=1.0654887
enriched_sequence=TGAGACA ratio=11.6050722 logratio=1.0646478
enriched_sequence=CGACATG ratio=11.6050722 logratio=1.0646478
enriched_sequence=GACATCT ratio=11.6050722 logratio=1.0646478
enriched_sequence=AGGTACA ratio=11.6050722 logratio=1.0646478
enriched_sequence=ATGAACA ratio=11.6050722 logratio=1.0646478
enriched_sequence=TCACAAA ratio=11.6050722 logratio=1.0646478
enriched_sequence=ATTACAC ratio=11.5780837 logratio=1.0636367
enriched_sequence=TCTACAT ratio=11.5713366 logratio=1.0633835
enriched_sequence=TAACAAC ratio=11.5376009 logratio=1.0621155
enriched_sequence=CATACAT ratio=11.4701295 logratio=1.0595683
enriched_sequence=CACAATG ratio=11.4701295 logratio=1.0595683
enriched_sequence=GACATAG ratio=11.4701295 logratio=1.0595683
enriched_sequence=GTTACAT ratio=11.4363939 logratio=1.0582891
enriched_sequence=GTGACAC ratio=11.4026582 logratio=1.0570061
enriched_sequence=TTAGACA ratio=11.3801677 logratio=1.0561487
enriched_sequence=CAACAGG ratio=11.3689225 logratio=1.0557193
enriched_sequence=CAATACA ratio=11.3501805 logratio=1.0550028
enriched_sequence=GACAATG ratio=11.3351868 logratio=1.0544287
enriched_sequence=GGTCACA ratio=11.2902059 logratio=1.0527019
enriched_sequence=CAAACAG ratio=11.2773543 logratio=1.0522072
enriched_sequence=CTTACAA ratio=11.2677155 logratio=1.0518359
enriched_sequence=TACACTT ratio=11.2542212 logratio=1.0513154
enriched_sequence=GCCGACA ratio=11.2002441 logratio=1.0492275
enriched_sequence=TACATAG ratio=11.1665085 logratio=1.0479174
enriched_sequence=CGACAAT ratio=11.1665085 logratio=1.0479174
enriched_sequence=GGTACAT ratio=11.1102823 logratio=1.0457251
enriched_sequence=TCAAACA ratio=11.0990371 logratio=1.0452853
enriched_sequence=TAACATT ratio=11.0460239 logratio=1.0432060
enriched_sequence=CACATGG ratio=11.0203205 logratio=1.0421942
enriched_sequence=GAGAACA ratio=11.0203205 logratio=1.0421942
enriched_sequence=GCTCACA ratio=10.9978301 logratio=1.0413070
enriched_sequence=GACATCC ratio=10.9753396 logratio=1.0404180
enriched_sequence=GTAACAC ratio=10.9303587 logratio=1.0386344
enriched_sequence=CCACACG ratio=10.9303587 logratio=1.0386344
enriched_sequence=GTATACA ratio=10.8763817 logratio=1.0364844
enriched_sequence=GTACATA ratio=10.8763817 logratio=1.0364844
enriched_sequence=TCCACAC ratio=10.8628874 logratio=1.0359453
enriched_sequence=TACATAC ratio=10.8628874 logratio=1.0359453
enriched_sequence=GCCACAC ratio=10.8628874 logratio=1.0359453
enriched_sequence=TGTTACA ratio=10.8403969 logratio=1.0350452
enriched_sequence=CTTACAT ratio=10.7954160 logratio=1.0332394
enriched_sequence=TTACAAC ratio=10.7954160 logratio=1.0332394
enriched_sequence=GGTACAA ratio=10.7954160 logratio=1.0332394
enriched_sequence=TGCAACA ratio=10.7954160 logratio=1.0332394
enriched_sequence=GCTACAA ratio=10.7761385 logratio=1.0324632
enriched_sequence=AGGACAA ratio=10.7616804 logratio=1.0318801
enriched_sequence=GTCACAT ratio=10.7616804 logratio=1.0318801
enriched_sequence=CACACTG ratio=10.7616804 logratio=1.0318801
enriched_sequence=ATATACA ratio=10.7568610 logratio=1.0316856
enriched_sequence=CACACGG ratio=10.7504351 logratio=1.0314260
enriched_sequence=GCACACC ratio=10.7504351 logratio=1.0314260
enriched_sequence=GACACGA ratio=10.7279447 logratio=1.0305165
enriched_sequence=TATACAT ratio=10.7279447 logratio=1.0305165
enriched_sequence=AGTCACA ratio=10.6874619 logratio=1.0288746
enriched_sequence=GCAACAA ratio=10.6829638 logratio=1.0286918
enriched_sequence=CCACATA ratio=10.6797509 logratio=1.0285611
enriched_sequence=TGACAAC ratio=10.6604733 logratio=1.0277765
enriched_sequence=GAAACAC ratio=10.6604733 logratio=1.0277765
enriched_sequence=CCAACAC ratio=10.6411958 logratio=1.0269904
enriched_sequence=GTTCACA ratio=10.6267377 logratio=1.0264000
enriched_sequence=CTACATG ratio=10.6154924 logratio=1.0259401
enriched_sequence=GACTACA ratio=10.5592663 logratio=1.0236337
enriched_sequence=TAGTACA ratio=10.5592663 logratio=1.0236337
enriched_sequence=GTAACAA ratio=10.5255306 logratio=1.0222440
enriched_sequence=GCAGACA ratio=10.5030402 logratio=1.0213150
enriched_sequence=AGACAAC ratio=10.5030402 logratio=1.0213150
enriched_sequence=CACACTT ratio=10.4869756 logratio=1.0206503
enriched_sequence=TTGACAT ratio=10.4805497 logratio=1.0203841
enriched_sequence=TGGGACA ratio=10.4580593 logratio=1.0194511
enriched_sequence=TACATCC ratio=10.4580593 logratio=1.0194511
enriched_sequence=CGGCGGT ratio=10.4580593 logratio=1.0194511
enriched_sequence=CAGAACA ratio=10.4355688 logratio=1.0185161
enriched_sequence=GTTAACA ratio=10.4175765 logratio=1.0177667
enriched_sequence=TTTTACA ratio=10.3905879 logratio=1.0166401
enriched_sequence=TCCACAT ratio=10.3905879 logratio=1.0166401
enriched_sequence=TACAAGG ratio=10.3456070 logratio=1.0147560
enriched_sequence=CAACAGA ratio=10.3327553 logratio=1.0142161
enriched_sequence=CAGACAA ratio=10.2749228 logratio=1.0117786
enriched_sequence=TAAAACA ratio=10.2556452 logratio=1.0109630
enriched_sequence=TGTACAA ratio=10.2556452 logratio=1.0109630
enriched_sequence=AATCACA ratio=10.2556452 logratio=1.0109630
enriched_sequence=AACGACA ratio=10.2286567 logratio=1.0098186
enriched_sequence=CTCGACA ratio=10.2106643 logratio=1.0090540
enriched_sequence=TACATCG ratio=10.2106643 logratio=1.0090540
enriched_sequence=CACAACG ratio=10.2016682 logratio=1.0086712
enriched_sequence=ATCACAA ratio=10.1806771 logratio=1.0077767
enriched_sequence=CTGGACA ratio=10.1656834 logratio=1.0071366
enriched_sequence=CCACATG ratio=10.1544382 logratio=1.0066559
enriched_sequence=TAAGACA ratio=10.1476911 logratio=1.0063672
enriched_sequence=TCCACAA ratio=10.1431930 logratio=1.0061747
enriched_sequence=GACAATA ratio=10.1431930 logratio=1.0061747
enriched_sequence=TACAACC ratio=10.1207025 logratio=1.0052107
enriched_sequence=ACGACAA ratio=10.0667255 logratio=1.0028882
enriched_sequence=TTGCACA ratio=10.0667255 logratio=1.0028882
enriched_sequence=TTACAAT ratio=10.0628699 logratio=1.0027219
enriched_sequence=GGACACG ratio=10.0532312 logratio=1.0023057
enriched_sequence=CCCACAC ratio=10.0397369 logratio=1.0017223
enriched_sequence=CGTACAA ratio=9.9857598 logratio=0.9993811
enriched_sequence=GAACAGC ratio=9.9857598 logratio=0.9993811
enriched_sequence=TCAACAA ratio=9.9857598 logratio=0.9993811
enriched_sequence=ATCCACA ratio=9.9632694 logratio=0.9984019
enriched_sequence=AGTACAC ratio=9.9587713 logratio=0.9982058
enriched_sequence=AAAGACA ratio=9.9351563 logratio=0.9971747
enriched_sequence=TACAAGA ratio=9.9317828 logratio=0.9970272
enriched_sequence=GAACATA ratio=9.9279272 logratio=0.9968586
enriched_sequence=ACGACAT ratio=9.9182885 logratio=0.9964367
enriched_sequence=TGACATA ratio=9.9182885 logratio=0.9964367
enriched_sequence=GGCTACA ratio=9.9047942 logratio=0.9958455
enriched_sequence=GACACCC ratio=9.8957980 logratio=0.9954508
enriched_sequence=GCACATA ratio=9.8658108 logratio=0.9941328
enriched_sequence=GGACATA ratio=9.8508171 logratio=0.9934723
enriched_sequence=GGCACAC ratio=9.8508171 logratio=0.9934723
enriched_sequence=CGCCACA ratio=9.8508171 logratio=0.9934723
enriched_sequence=TAGAACA ratio=9.7968401 logratio=0.9910860
enriched_sequence=GCGACAT ratio=9.7496101 logratio=0.9889872
enriched_sequence=CACATCG ratio=9.7496101 logratio=0.9889872
enriched_sequence=TGAAACA ratio=9.7428630 logratio=0.9886866
enriched_sequence=GACATAA ratio=9.7383649 logratio=0.9884860
enriched_sequence=ATCTACA ratio=9.7383649 logratio=0.9884860
enriched_sequence=ACGCACA ratio=9.7351520 logratio=0.9883427
enriched_sequence=GGACAAG ratio=9.7158744 logratio=0.9874819
enriched_sequence=GTCCACA ratio=9.6821388 logratio=0.9859713
enriched_sequence=CTGTACA ratio=9.6484031 logratio=0.9844554
enriched_sequence=CGTCACA ratio=9.6484031 logratio=0.9844554
enriched_sequence=CAACAGT ratio=9.6387643 logratio=0.9840214
enriched_sequence=TACACCT ratio=9.6349088 logratio=0.9838476
enriched_sequence=CTTCACA ratio=9.5809317 logratio=0.9814077
enriched_sequence=TACATGG ratio=9.5809317 logratio=0.9814077
enriched_sequence=GCTAACA ratio=9.5809317 logratio=0.9814077
enriched_sequence=CTCACAC ratio=9.5359508 logratio=0.9793640
enriched_sequence=GAACAGT ratio=9.5269547 logratio=0.9789541
enriched_sequence=GAAACAT ratio=9.5230991 logratio=0.9787783
enriched_sequence=CCCCACA ratio=9.4999661 logratio=0.9777221
enriched_sequence=ACACATC ratio=9.4797247 logratio=0.9767957
enriched_sequence=CACAAAG ratio=9.4797247 logratio=0.9767957
enriched_sequence=GCGAACA ratio=9.4459890 logratio=0.9752474
enriched_sequence=TCAACAT ratio=9.4267115 logratio=0.9743602
enriched_sequence=CTACAAG ratio=9.4190005 logratio=0.9740048
enriched_sequence=GTCTACA ratio=9.4122534 logratio=0.9736936
enriched_sequence=TTACAAG ratio=9.4122534 logratio=0.9736936
enriched_sequence=GGCAACA ratio=9.4010081 logratio=0.9731744
enriched_sequence=TTACACC ratio=9.3920120 logratio=0.9727586
enriched_sequence=CTTACAC ratio=9.3920120 logratio=0.9727586
enriched_sequence=ATCGACA ratio=9.3785177 logratio=0.9721342
enriched_sequence=GTGTACA ratio=9.3560272 logratio=0.9710915
enriched_sequence=ATGCACA ratio=9.3496014 logratio=0.9707931
enriched_sequence=TACAATT ratio=9.3279142 logratio=0.9697845
enriched_sequence=GACACAT ratio=9.3110463 logratio=0.9689985
enriched_sequence=TTACACG ratio=9.3110463 logratio=0.9689985
enriched_sequence=GCGACAC ratio=9.3110463 logratio=0.9689985
enriched_sequence=ATACAGA ratio=9.2840578 logratio=0.9677378
enriched_sequence=ACCACAC ratio=9.2773107 logratio=0.9674221
enriched_sequence=AAGGACA ratio=9.2773107 logratio=0.9674221
enriched_sequence=AACACCT ratio=9.2773107 logratio=0.9674221
enriched_sequence=CTCACAT ratio=9.2660654 logratio=0.9668954
enriched_sequence=ATTCACA ratio=9.2339362 logratio=0.9653869
enriched_sequence=TGCGACA ratio=9.2098393 logratio=0.9642521
enriched_sequence=GAGACAC ratio=9.1761036 logratio=0.9626583
enriched_sequence=AGTAACA ratio=9.1568261 logratio=0.9617450
enriched_sequence=TACAATC ratio=9.1568261 logratio=0.9617450
enriched_sequence=CCACAAG ratio=9.1536132 logratio=0.9615926
enriched_sequence=TGCCACA ratio=9.1536132 logratio=0.9615926
enriched_sequence=CGCACAA ratio=9.1311227 logratio=0.9605242
enriched_sequence=TACACGG ratio=9.1311227 logratio=0.9605242
enriched_sequence=GTTGACA ratio=9.1311227 logratio=0.9605242
enriched_sequence=ATACAAG ratio=9.1086323 logratio=0.9594532
enriched_sequence=TTCAACA ratio=9.0604385 logratio=0.9571492
enriched_sequence=TGTACAT ratio=9.0074253 logratio=0.9546007
enriched_sequence=GGGAACA ratio=8.9961800 logratio=0.9540581
enriched_sequence=TGCACAA ratio=8.9961800 logratio=0.9540581
enriched_sequence=AGACAGA ratio=8.9736896 logratio=0.9529710
enriched_sequence=GCCACAT ratio=8.9736896 logratio=0.9529710
enriched_sequence=GACAAAG ratio=8.9601953 logratio=0.9523175
enriched_sequence=CGGACAT ratio=8.9511991 logratio=0.9518812
enriched_sequence=CAGACAC ratio=8.9287087 logratio=0.9507887
enriched_sequence=CCTACAC ratio=8.9062182 logratio=0.9496933
enriched_sequence=TGAACAT ratio=8.8792297 logratio=0.9483753
enriched_sequence=CTCTACA ratio=8.8612373 logratio=0.9474944
enriched_sequence=AGGACAT ratio=8.8387469 logratio=0.9463907
enriched_sequence=TTTACAC ratio=8.8252526 logratio=0.9457271
enriched_sequence=GCACATC ratio=8.8050112 logratio=0.9447299
enriched_sequence=CTCCACA ratio=8.7712755 logratio=0.9430628
enriched_sequence=TAACACT ratio=8.7375399 logratio=0.9413892
enriched_sequence=CACATTG ratio=8.7172984 logratio=0.9403819
enriched_sequence=TGACAAG ratio=8.6813137 logratio=0.9385855
enriched_sequence=CTCAACA ratio=8.6813137 logratio=0.9385855
enriched_sequence=GATAACA ratio=8.6363328 logratio=0.9363294
enriched_sequence=TTCACAC ratio=8.6363328 logratio=0.9363294
enriched_sequence=AATGACA ratio=8.6363328 logratio=0.9363294
enriched_sequence=GGACAAA ratio=8.6138424 logratio=0.9351969
enriched_sequence=ACGTACA ratio=8.6093443 logratio=0.9349701
enriched_sequence=AAACACT ratio=8.6025972 logratio=0.9346296
enriched_sequence=TGATACA ratio=8.5823557 logratio=0.9336065
enriched_sequence=GACAAGA ratio=8.5688615 logratio=0.9329231
enriched_sequence=CCTACAT ratio=8.5463710 logratio=0.9317817
enriched_sequence=TACATGA ratio=8.5351258 logratio=0.9312099
enriched_sequence=GACATAC ratio=8.5283787 logratio=0.9308665
enriched_sequence=GGACAAC ratio=8.5013901 logratio=0.9294899
enriched_sequence=GAACATT ratio=8.4821126 logratio=0.9285040
enriched_sequence=GAGACAT ratio=8.4564092 logratio=0.9271860
enriched_sequence=TGACACT ratio=8.4339188 logratio=0.9260294
enriched_sequence=TAGACAC ratio=8.4001831 logratio=0.9242888
enriched_sequence=CTGACAT ratio=8.3664474 logratio=0.9225411
enriched_sequence=TCAACAC ratio=8.3327118 logratio=0.9207864
enriched_sequence=TAACACC ratio=8.3086148 logratio=0.9195286
enriched_sequence=CACAATC ratio=8.2854818 logratio=0.9183178
enriched_sequence=TAGACAT ratio=8.2854818 logratio=0.9183178
enriched_sequence=TGTACAG ratio=8.2764856 logratio=0.9178460
enriched_sequence=GAGCACA ratio=8.2700598 logratio=0.9175086
enriched_sequence=AGCTACA ratio=8.2045162 logratio=0.9140530
enriched_sequence=GACAACT ratio=8.1929497 logratio=0.9134403
enriched_sequence=CACGACA ratio=8.1865238 logratio=0.9130995
enriched_sequence=AAGACAA ratio=8.1865238 logratio=0.9130995
enriched_sequence=GTTTACA ratio=8.1775276 logratio=0.9126220
enriched_sequence=CTGACAA ratio=8.1505391 logratio=0.9111863
enriched_sequence=CCGCACA ratio=8.1415429 logratio=0.9107067
enriched_sequence=GGAACAC ratio=8.1235506 logratio=0.9097459
enriched_sequence=TTAACAG ratio=8.0965620 logratio=0.9083006
enriched_sequence=GTAGACA ratio=8.0425849 logratio=0.9053957
enriched_sequence=CACCACA ratio=8.0290907 logratio=0.9046664
enriched_sequence=GAGACAA ratio=8.0290907 logratio=0.9046664
enriched_sequence=CACTACA ratio=8.0066002 logratio=0.9034481
enriched_sequence=AGGGACA ratio=7.9616193 logratio=0.9010014
enriched_sequence=TTTACAA ratio=7.9278837 logratio=0.8991573
enriched_sequence=CGAGACA ratio=7.8716575 logratio=0.8960662
enriched_sequence=GGTACAG ratio=7.8716575 logratio=0.8960662
enriched_sequence=TTCCACA ratio=7.8266766 logratio=0.8935774
enriched_sequence=ACCCACA ratio=7.8098088 logratio=0.8926404
enriched_sequence=CACATGT ratio=7.6917339 logratio=0.8860243
enriched_sequence=ACGGACA ratio=7.6917339 logratio=0.8860243
enriched_sequence=GATCACA ratio=7.6647454 logratio=0.8844977
enriched_sequence=CCTTACA ratio=7.6467530 logratio=0.8834771
enriched_sequence=GACAAGC ratio=7.6411304 logratio=0.8831576
enriched_sequence=TCTACAC ratio=7.6377568 logratio=0.8829658
enriched_sequence=ACCACAT ratio=7.6377568 logratio=0.8829658
enriched_sequence=TAAACGC ratio=7.6242626 logratio=0.8821978
enriched_sequence=CACATGA ratio=7.6017721 logratio=0.8809148
enriched_sequence=CAGCACA ratio=7.5671714 logratio=0.8789336
enriched_sequence=AGACATG ratio=7.5567912 logratio=0.8783374
enriched_sequence=CGACATA ratio=7.5343008 logratio=0.8770430
enriched_sequence=TATACAG ratio=7.5298027 logratio=0.8767836
enriched_sequence=TTACATA ratio=7.5230555 logratio=0.8763943
enriched_sequence=GGGTACA ratio=7.4668294 logratio=0.8731362
enriched_sequence=GACATCG ratio=7.4668294 logratio=0.8731362
enriched_sequence=GCGTACA ratio=7.3993581 logratio=0.8691940
enriched_sequence=GACAACG ratio=7.3543772 logratio=0.8665459
enriched_sequence=TAACAGA ratio=7.3447384 logratio=0.8659763
enriched_sequence=CATCACA ratio=7.3408829 logratio=0.8657483
enriched_sequence=CCCTACA ratio=7.2869058 logratio=0.8625432
enriched_sequence=CGGAACA ratio=7.2599173 logratio=0.8609317
enriched_sequence=GAGGACA ratio=7.2419249 logratio=0.8598540
enriched_sequence=AAACGTC ratio=7.2194345 logratio=0.8585032
enriched_sequence=TAACAGG ratio=7.2059402 logratio=0.8576907
enriched_sequence=TACTACA ratio=7.1856988 logratio=0.8564690
enriched_sequence=CGACACT ratio=7.1789517 logratio=0.8560610
enriched_sequence=TAACAGC ratio=7.1642306 logratio=0.8551696
enriched_sequence=TCACAAT ratio=7.1519631 logratio=0.8544253
enriched_sequence=AAGCACA ratio=7.1519631 logratio=0.8544253
enriched_sequence=CAAGACA ratio=7.1069822 logratio=0.8516852
enriched_sequence=TAGACAA ratio=7.1013596 logratio=0.8513415
enriched_sequence=TCGGACA ratio=7.0844918 logratio=0.8503087
